<?xml version="1.0" encoding="UTF-8"?>
<testng-results ignored="0" total="2" passed="2" failed="0" skipped="0">
  <reporter-output>
  </reporter-output>
  <suite started-at="2024-07-05T16:15:20 EET" name="Regression" finished-at="2024-07-05T16:15:48 EET" duration-ms="27832">
    <groups>
    </groups>
    <test started-at="2024-07-05T16:15:20 EET" name="Test on Chrome" finished-at="2024-07-05T16:15:33 EET" duration-ms="12613">
      <class name="lesson_10.ParallelTests">
        <test-method is-config="true" signature="setup(java.lang.String)[pri:0, instance:lesson_10.ParallelTests@55b53d44]" started-at="2024-07-05T16:15:21 EET" name="setup" finished-at="2024-07-05T16:15:25 EET" duration-ms="4064" status="PASS">
          <params>
            <param index="0">
              <value>
                <![CDATA[chrome]]>
              </value>
            </param>
          </params>
          <reporter-output>
          </reporter-output>
        </test-method> <!-- setup -->
        <test-method signature="getTitleForLinkedin()[pri:0, instance:lesson_10.ParallelTests@55b53d44]" started-at="2024-07-05T16:15:25 EET" name="getTitleForLinkedin" finished-at="2024-07-05T16:15:33 EET" duration-ms="8438" status="PASS">
          <reporter-output>
          </reporter-output>
        </test-method> <!-- getTitleForLinkedin -->
        <test-method is-config="true" signature="tearDown()[pri:0, instance:lesson_10.ParallelTests@55b53d44]" started-at="2024-07-05T16:15:33 EET" name="tearDown" finished-at="2024-07-05T16:15:33 EET" duration-ms="0" status="PASS">
          <reporter-output>
          </reporter-output>
        </test-method> <!-- tearDown -->
      </class> <!-- lesson_10.ParallelTests -->
    </test> <!-- Test on Chrome -->
    <test started-at="2024-07-05T16:15:20 EET" name="Test on Edge" finished-at="2024-07-05T16:15:48 EET" duration-ms="27832">
      <class name="lesson_10.ParallelTests">
        <test-method is-config="true" signature="setup(java.lang.String)[pri:0, instance:lesson_10.ParallelTests@62230c58]" started-at="2024-07-05T16:15:21 EET" name="setup" finished-at="2024-07-05T16:15:40 EET" duration-ms="19323" status="PASS">
          <params>
            <param index="0">
              <value>
                <![CDATA[edge]]>
              </value>
            </param>
          </params>
          <reporter-output>
          </reporter-output>
        </test-method> <!-- setup -->
        <test-method signature="getTitleForLinkedin()[pri:0, instance:lesson_10.ParallelTests@62230c58]" started-at="2024-07-05T16:15:40 EET" name="getTitleForLinkedin" finished-at="2024-07-05T16:15:48 EET" duration-ms="8422" status="PASS">
          <reporter-output>
          </reporter-output>
        </test-method> <!-- getTitleForLinkedin -->
        <test-method is-config="true" signature="tearDown()[pri:0, instance:lesson_10.ParallelTests@62230c58]" started-at="2024-07-05T16:15:48 EET" name="tearDown" finished-at="2024-07-05T16:15:48 EET" duration-ms="0" status="PASS">
          <reporter-output>
          </reporter-output>
        </test-method> <!-- tearDown -->
      </class> <!-- lesson_10.ParallelTests -->
    </test> <!-- Test on Edge -->
  </suite> <!-- Regression -->
</testng-results>
